TN:
SF:loginValidation.js
FN:2,(anonymous_0)
FN:5,(anonymous_1)
FN:13,(anonymous_2)
FNF:3
FNH:3
FNDA:2,(anonymous_0)
FNDA:1,(anonymous_1)
FNDA:1,(anonymous_2)
DA:2,1
DA:3,2
DA:5,1
DA:6,1
DA:9,1
DA:13,1
DA:14,1
DA:15,1
DA:16,1
DA:17,1
DA:19,0
DA:22,1
LF:12
LH:11
BRDA:16,0,0,1
BRDA:16,0,1,0
BRDA:16,1,0,1
BRDA:16,1,1,1
BRF:4
BRH:3
end_of_record
TN:
SF:sum.js
FN:1,(anonymous_0)
FNF:1
FNH:1
FNDA:1,(anonymous_0)
DA:1,1
DA:3,1
LF:2
LH:2
BRF:0
BRH:0
end_of_record
TN:
SF:Agora a pratica/ex1.js
FN:1,myRemove
FNF:1
FNH:1
FNDA:4,myRemove
DA:3,4
DA:4,4
DA:5,16
DA:6,13
DA:9,4
DA:12,1
DA:14,1
LF:7
LH:7
BRDA:5,0,0,13
BRDA:5,0,1,3
BRF:2
BRH:2
end_of_record
TN:
SF:Agora a pratica/ex2.js
FN:1,myFizzBuzz
FNF:1
FNH:1
FNDA:6,myFizzBuzz
DA:2,6
DA:3,5
DA:4,3
DA:5,2
DA:6,1
DA:8,1
DA:10,1
LF:7
LH:7
BRDA:2,0,0,1
BRDA:2,0,1,5
BRDA:3,1,0,2
BRDA:3,1,1,3
BRDA:3,2,0,5
BRDA:3,2,1,3
BRDA:4,3,0,1
BRDA:4,3,1,2
BRDA:5,4,0,1
BRDA:5,4,1,1
BRF:10
BRH:10
end_of_record
TN:
SF:Agora a pratica/ex3.js
FN:1,(anonymous_0)
FN:16,(anonymous_1)
FN:26,(anonymous_2)
FNF:3
FNH:3
FNDA:6,(anonymous_0)
FNDA:5,(anonymous_1)
FNDA:1,(anonymous_2)
DA:1,1
DA:2,6
DA:3,6
DA:4,6
DA:5,55
DA:6,55
DA:8,55
DA:9,15
DA:11,40
DA:14,6
DA:16,1
DA:17,5
DA:24,5
DA:26,1
DA:27,1
DA:34,1
DA:37,1
DA:39,1
DA:40,1
LF:19
LH:19
BRDA:8,0,0,15
BRDA:8,0,1,40
BRF:2
BRH:2
end_of_record
TN:
SF:Agora a pratica/ex4.js
FN:1,techList
FNF:1
FNH:1
FNDA:3,techList
DA:2,3
DA:3,1
DA:5,2
DA:6,2
DA:7,2
DA:8,2
DA:9,9
DA:13,9
DA:15,2
DA:18,1
DA:19,1
LF:11
LH:11
BRDA:2,0,0,1
BRDA:2,0,1,2
BRF:2
BRH:2
end_of_record
TN:
SF:Agora a pratica/ex5.js
FN:1,hydrate
FNF:1
FNH:1
FNDA:6,hydrate
DA:2,6
DA:3,6
DA:4,6
DA:5,6
DA:6,178
DA:7,178
DA:8,14
DA:11,6
DA:12,5
DA:13,1
DA:17,1
DA:22,1
LF:12
LH:12
BRDA:7,0,0,14
BRDA:7,0,1,164
BRDA:11,1,0,5
BRDA:11,1,1,1
BRF:4
BRH:4
end_of_record
