<?xml version="1.0" encoding="UTF-8"?>
<coverage generated="1677804085851" clover="3.2.0">
  <project timestamp="1677804085851" name="All files">
    <metrics statements="14" coveredstatements="14" conditionals="6" coveredconditionals="6" methods="2" coveredmethods="2" elements="22" coveredelements="22" complexity="0" loc="14" ncloc="14" packages="1" files="1" classes="1"/>
    <file name="corretorAutomaticoExame.js" path="/home/carlos/Documentos/Trybe/trybe-exercicios/fundamentos/secao-07-HigherOrderFunctions/dia-01-introducao/corretorAutomaticoExame.js">
      <metrics statements="14" coveredstatements="14" conditionals="6" coveredconditionals="6" methods="2" coveredmethods="2"/>
      <line num="3" count="1" type="stmt"/>
      <line num="19" count="1" type="stmt"/>
      <line num="20" count="1" type="stmt"/>
      <line num="23" count="4" type="stmt"/>
      <line num="24" count="4" type="stmt"/>
      <line num="25" count="40" type="cond" truecount="2" falsecount="0"/>
      <line num="26" count="24" type="stmt"/>
      <line num="27" count="16" type="cond" truecount="4" falsecount="0"/>
      <line num="28" count="8" type="stmt"/>
      <line num="31" count="4" type="stmt"/>
      <line num="34" count="1" type="stmt"/>
      <line num="37" count="2" type="stmt"/>
      <line num="40" count="1" type="stmt"/>
      <line num="42" count="1" type="stmt"/>
    </file>
  </project>
</coverage>
