{"/home/carlos/Documentos/Trybe/trybe-exercicios/fundamentos/secao-07-HigherOrderFunctions/dia-01-introducao/corretorAutomaticoExame.js": {"path":"/home/carlos/Documentos/Trybe/trybe-exercicios/fundamentos/secao-07-HigherOrderFunctions/dia-01-introducao/corretorAutomaticoExame.js","statementMap":{"0":{"start":{"line":3,"column":16},"end":{"line":3,"column":31}},"1":{"start":{"line":19,"column":23},"end":{"line":19,"column":77}},"2":{"start":{"line":20,"column":23},"end":{"line":20,"column":77}},"3":{"start":{"line":23,"column":16},"end":{"line":23,"column":17}},"4":{"start":{"line":24,"column":4},"end":{"line":30,"column":5}},"5":{"start":{"line":24,"column":17},"end":{"line":24,"column":18}},"6":{"start":{"line":25,"column":8},"end":{"line":29,"column":9}},"7":{"start":{"line":26,"column":12},"end":{"line":26,"column":23}},"8":{"start":{"line":27,"column":15},"end":{"line":29,"column":9}},"9":{"start":{"line":28,"column":12},"end":{"line":28,"column":25}},"10":{"start":{"line":31,"column":4},"end":{"line":31,"column":17}},"11":{"start":{"line":34,"column":0},"end":{"line":34,"column":53}},"12":{"start":{"line":37,"column":4},"end":{"line":37,"column":41}},"13":{"start":{"line":40,"column":0},"end":{"line":40,"column":66}},"14":{"start":{"line":42,"column":0},"end":{"line":42,"column":42}}},"fnMap":{"0":{"name":"getPoints","decl":{"start":{"line":22,"column":9},"end":{"line":22,"column":18}},"loc":{"start":{"line":22,"column":27},"end":{"line":32,"column":1}},"line":22},"1":{"name":"totalPoints","decl":{"start":{"line":36,"column":9},"end":{"line":36,"column":20}},"loc":{"start":{"line":36,"column":52},"end":{"line":38,"column":1}},"line":36}},"branchMap":{"0":{"loc":{"start":{"line":25,"column":8},"end":{"line":29,"column":9}},"type":"if","locations":[{"start":{"line":25,"column":8},"end":{"line":29,"column":9}},{"start":{"line":27,"column":15},"end":{"line":29,"column":9}}],"line":25},"1":{"loc":{"start":{"line":27,"column":15},"end":{"line":29,"column":9}},"type":"if","locations":[{"start":{"line":27,"column":15},"end":{"line":29,"column":9}},{"start":{},"end":{}}],"line":27},"2":{"loc":{"start":{"line":27,"column":19},"end":{"line":27,"column":53}},"type":"binary-expr","locations":[{"start":{"line":27,"column":19},"end":{"line":27,"column":34}},{"start":{"line":27,"column":38},"end":{"line":27,"column":53}}],"line":27}},"s":{"0":1,"1":1,"2":1,"3":4,"4":4,"5":4,"6":40,"7":24,"8":16,"9":8,"10":4,"11":1,"12":2,"13":1,"14":1},"f":{"0":4,"1":2},"b":{"0":[24,16],"1":[8,8],"2":[16,16]},"_coverageSchema":"1a1c01bbd47fc00a2c39e90264f33305004495a9","hash":"472f4ce615bae8b474841102140811dbf7121858"}
}
