{"/home/carlos/Documentos/Trybe/trybe-exercicios/fundamentos/secao-07-HigherOrderFunctions/dia-01-introducao/exercise7.js": {"path":"/home/carlos/Documentos/Trybe/trybe-exercicios/fundamentos/secao-07-HigherOrderFunctions/dia-01-introducao/exercise7.js","statementMap":{"0":{"start":{"line":1,"column":13},"end":{"line":6,"column":3}},"1":{"start":{"line":8,"column":18},"end":{"line":13,"column":3}},"2":{"start":{"line":15,"column":17},"end":{"line":19,"column":3}},"3":{"start":{"line":21,"column":24},"end":{"line":21,"column":49}},"4":{"start":{"line":24,"column":19},"end":{"line":24,"column":58}},"5":{"start":{"line":25,"column":4},"end":{"line":25,"column":18}},"6":{"start":{"line":29,"column":22},"end":{"line":29,"column":38}},"7":{"start":{"line":30,"column":22},"end":{"line":30,"column":51}},"8":{"start":{"line":31,"column":19},"end":{"line":31,"column":86}},"9":{"start":{"line":32,"column":4},"end":{"line":32,"column":18}},"10":{"start":{"line":36,"column":22},"end":{"line":36,"column":39}},"11":{"start":{"line":37,"column":22},"end":{"line":37,"column":35}},"12":{"start":{"line":38,"column":17},"end":{"line":38,"column":84}},"13":{"start":{"line":39,"column":23},"end":{"line":42,"column":5}},"14":{"start":{"line":43,"column":4},"end":{"line":45,"column":72}},"15":{"start":{"line":44,"column":6},"end":{"line":44,"column":33}},"16":{"start":{"line":45,"column":11},"end":{"line":45,"column":72}},"17":{"start":{"line":46,"column":4},"end":{"line":46,"column":22}},"18":{"start":{"line":49,"column":22},"end":{"line":64,"column":3}},"19":{"start":{"line":51,"column":6},"end":{"line":51,"column":39}},"20":{"start":{"line":52,"column":6},"end":{"line":52,"column":44}},"21":{"start":{"line":55,"column":6},"end":{"line":55,"column":40}},"22":{"start":{"line":56,"column":6},"end":{"line":56,"column":43}},"23":{"start":{"line":57,"column":6},"end":{"line":57,"column":41}},"24":{"start":{"line":60,"column":6},"end":{"line":60,"column":37}},"25":{"start":{"line":61,"column":6},"end":{"line":61,"column":41}},"26":{"start":{"line":62,"column":6},"end":{"line":62,"column":44}},"27":{"start":{"line":65,"column":2},"end":{"line":65,"column":37}},"28":{"start":{"line":66,"column":2},"end":{"line":66,"column":31}},"29":{"start":{"line":67,"column":2},"end":{"line":67,"column":35}},"30":{"start":{"line":69,"column":2},"end":{"line":69,"column":35}},"31":{"start":{"line":70,"column":2},"end":{"line":70,"column":30}},"32":{"start":{"line":71,"column":2},"end":{"line":71,"column":27}},"33":{"start":{"line":72,"column":2},"end":{"line":72,"column":25}},"34":{"start":{"line":73,"column":2},"end":{"line":73,"column":33}},"35":{"start":{"line":74,"column":2},"end":{"line":74,"column":36}},"36":{"start":{"line":77,"column":2},"end":{"line":77,"column":97}}},"fnMap":{"0":{"name":"dragonDamage","decl":{"start":{"line":23,"column":11},"end":{"line":23,"column":23}},"loc":{"start":{"line":23,"column":26},"end":{"line":26,"column":3}},"line":23},"1":{"name":"warriorDamage","decl":{"start":{"line":28,"column":11},"end":{"line":28,"column":24}},"loc":{"start":{"line":28,"column":27},"end":{"line":33,"column":3}},"line":28},"2":{"name":"mageDamage","decl":{"start":{"line":35,"column":11},"end":{"line":35,"column":21}},"loc":{"start":{"line":35,"column":24},"end":{"line":47,"column":3}},"line":35},"3":{"name":"(anonymous_3)","decl":{"start":{"line":50,"column":13},"end":{"line":50,"column":14}},"loc":{"start":{"line":50,"column":32},"end":{"line":53,"column":5}},"line":50},"4":{"name":"(anonymous_4)","decl":{"start":{"line":54,"column":10},"end":{"line":54,"column":11}},"loc":{"start":{"line":54,"column":26},"end":{"line":58,"column":5}},"line":54},"5":{"name":"(anonymous_5)","decl":{"start":{"line":59,"column":12},"end":{"line":59,"column":13}},"loc":{"start":{"line":59,"column":30},"end":{"line":63,"column":5}},"line":59}},"branchMap":{"0":{"loc":{"start":{"line":43,"column":4},"end":{"line":45,"column":72}},"type":"if","locations":[{"start":{"line":43,"column":4},"end":{"line":45,"column":72}},{"start":{"line":45,"column":11},"end":{"line":45,"column":72}}],"line":43}},"s":{"0":1,"1":1,"2":1,"3":1,"4":2,"5":2,"6":2,"7":2,"8":2,"9":2,"10":7,"11":7,"12":7,"13":7,"14":7,"15":6,"16":1,"17":7,"18":1,"19":2,"20":2,"21":3,"22":3,"23":3,"24":2,"25":2,"26":2,"27":1,"28":1,"29":1,"30":1,"31":1,"32":1,"33":1,"34":1,"35":1,"36":1},"f":{"0":2,"1":2,"2":7,"3":2,"4":3,"5":2},"b":{"0":[6,1]},"_coverageSchema":"1a1c01bbd47fc00a2c39e90264f33305004495a9","hash":"b138c248fd56b1a33b2bd2a7836a0d11d8a58729"}
}
