TN:
SF:exercise7.js
FN:23,dragonDamage
FN:28,warriorDamage
FN:35,mageDamage
FN:50,(anonymous_3)
FN:54,(anonymous_4)
FN:59,(anonymous_5)
FNF:6
FNH:6
FNDA:2,dragonDamage
FNDA:2,warriorDamage
FNDA:7,mageDamage
FNDA:2,(anonymous_3)
FNDA:3,(anonymous_4)
FNDA:2,(anonymous_5)
DA:1,1
DA:8,1
DA:15,1
DA:21,1
DA:24,2
DA:25,2
DA:29,2
DA:30,2
DA:31,2
DA:32,2
DA:36,7
DA:37,7
DA:38,7
DA:39,7
DA:43,7
DA:44,6
DA:45,1
DA:46,7
DA:49,1
DA:51,2
DA:52,2
DA:55,3
DA:56,3
DA:57,3
DA:60,2
DA:61,2
DA:62,2
DA:65,1
DA:66,1
DA:67,1
DA:69,1
DA:70,1
DA:71,1
DA:72,1
DA:73,1
DA:74,1
DA:77,1
LF:37
LH:37
BRDA:43,0,0,6
BRDA:43,0,1,1
BRF:2
BRH:2
end_of_record
